[debug] [2025-12-31T10:42:26.921Z] ----------------------------------------------------------------------
[debug] [2025-12-31T10:42:26.923Z] Command:       C:\Program Files\nodejs\node.exe C:\Users\rahman\AppData\Roaming\npm\node_modules\firebase-tools\lib\bin\firebase.js init
[debug] [2025-12-31T10:42:26.924Z] CLI Version:   14.12.0
[debug] [2025-12-31T10:42:26.924Z] Platform:      win32
[debug] [2025-12-31T10:42:26.924Z] Node Version:  v22.6.0
[debug] [2025-12-31T10:42:26.924Z] Time:          Wed Dec 31 2025 15:12:26 GMT+0430 (Afghanistan Time)
[debug] [2025-12-31T10:42:26.924Z] ----------------------------------------------------------------------
[debug] 
[debug] [2025-12-31T10:42:26.927Z] >>> [apiv2][query] GET https://firebase-public.firebaseio.com/cli.json [none]
[debug] [2025-12-31T10:42:26.983Z] > command requires scopes: ["email","openid","https://www.googleapis.com/auth/cloudplatformprojects.readonly","https://www.googleapis.com/auth/firebase","https://www.googleapis.com/auth/cloud-platform"]
[debug] [2025-12-31T10:42:26.983Z] > authorizing via signed-in user (rahmanrezaie60@gmail.com)
[info] 
     ######## #### ########  ######## ########     ###     ######  ########
     ##        ##  ##     ## ##       ##     ##  ##   ##  ##       ##
     ######    ##  ########  ######   ########  #########  ######  ######
     ##        ##  ##    ##  ##       ##     ## ##     ##       ## ##
     ##       #### ##     ## ######## ########  ##     ##  ######  ########

You're about to initialize a Firebase project in this directory:

  D:\projects\thingsApp

[debug] [2025-12-31T10:42:27.595Z] <<< [apiv2][status] GET https://firebase-public.firebaseio.com/cli.json 200
[debug] [2025-12-31T10:42:27.595Z] <<< [apiv2][body] GET https://firebase-public.firebaseio.com/cli.json {"cloudBuildErrorAfter":1594252800000,"cloudBuildWarnAfter":1590019200000,"defaultNode10After":1594252800000,"minVersion":"3.0.5","node8DeploysDisabledAfter":1613390400000,"node8RuntimeDisabledAfter":1615809600000,"node8WarnAfter":1600128000000}
[debug] [2025-12-31T10:47:54.091Z] ExitPromptError: User force closed the prompt with SIGINT
    at Interface.sigint (C:\Users\rahman\AppData\Roaming\npm\node_modules\firebase-tools\node_modules\@inquirer\core\dist\commonjs\lib\create-prompt.js:101:37)
    at Interface.emit (node:events:520:28)
    at Interface.emit (node:domain:488:12)
    at [_ttyWrite] [as _ttyWrite] (node:internal/readline/interface:1125:18)
    at ReadStream.onkeypress (node:internal/readline/interface:264:20)
    at ReadStream.emit (node:events:532:35)
    at ReadStream.emit (node:domain:488:12)
    at emitKeys (node:internal/readline/utils:370:14)
    at emitKeys.next (<anonymous>)
    at ReadStream.onData (node:internal/readline/emitKeypressEvents:64:36)
[error] 
[error] Error: An unexpected error has occurred.
